E:\Visual Studio\MSBuild\Microsoft\VC\v170\Microsoft.CppBuild.targets(531,5): warning MSB8028: промежуточный каталог (x64\Debug\) содержит файлы, которые используются совместно с другим проектом (Proj_3.vcxproj).  Это может привести к ошибкам очистки и перестроения.
  FigureDrawer.c
  FigureMover.c
E:\System_programming\Lab_1\Lab-1\Proj_3\FigureDrawer.c(8,43): warning C4244: =: преобразование "double" в "LONG", возможна потеря данных
E:\System_programming\Lab_1\Lab-1\Proj_3\FigureDrawer.c(9,43): warning C4244: =: преобразование "double" в "LONG", возможна потеря данных
  main.c
E:\System_programming\Lab_1\Lab-1\Proj_3\main.c(7,33): warning C4305: инициализация: усечение из "int" в "WORD"
E:\System_programming\Lab_1\Lab-1\Proj_3\main.c(60,15): warning C4244: return: преобразование "WPARAM" в "int", возможна потеря данных
E:\System_programming\Lab_1\Lab-1\Proj_3\main.c(95,4): warning C4013: MoveSquare: нет определения; предполагается "extern" с возвратом типа "int"
  Создание кода...
E:\System_programming\Lab_1\Lab-1\Proj_3\main.c(175,1): warning C4715: WndProc: значение возвращается не при всех путях выполнения
  Proj_3.vcxproj -> E:\System_programming\Lab_1\Lab-1\x64\Debug\Lab-1.exe

Итоги по проекту:
     1435 мс вызовов   1 E:\System_programming\Lab_1\Lab-1\Proj_3\Proj_3.vcxproj
               1435 мс вызовов   1 Build                                   

Итоги по целям:
        0 мс вызовов   1 AfterResourceCompile                    
        0 мс вызовов   1 _ALink                                  
        0 мс вызовов   1 _Link                                   
        0 мс вызовов   1 AfterLink                               
        0 мс вызовов   1 ComputeLinkSwitches                     
        0 мс вызовов   1 PreLinkEvent                            
        0 мс вызовов   1 DoLinkOutputFilesMatch                  
        0 мс вызовов   1 PrepareResourceNames                    
        0 мс вызовов   1 CreateCustomManifestResourceNames       
        0 мс вызовов   1 SplitResourcesByCulture                 
        0 мс вызовов   1 ComputeManifestInputsTargets            
        0 мс вызовов   1 ComputeLinkInputsFromProject            
        0 мс вызовов   1 ComputeCLGeneratedLinkInputs            
        0 мс вызовов   1 ComputeCLOutputs                        
        0 мс вызовов   1 ComputeRCGeneratedLinkInputs            
        0 мс вызовов   1 ComputeRCOutputs                        
        0 мс вызовов   1 BeforeLink                              
        0 мс вызовов   1 BuildLinkTraverse                       
        0 мс вызовов   1 BuildCompile                            
        0 мс вызовов   1 _BuildCompileAction                     
        0 мс вызовов   1 AfterBuildCompileEvent                  
        0 мс вызовов   1 _ResourceCompile                        
        0 мс вызовов   1 MakeDirsForResourceCompile              
        0 мс вызовов   1 BeforeResourceCompile                   
        0 мс вызовов   1 _Manifest                               
        0 мс вызовов   1 _ClCompile                              
        0 мс вызовов   1 RegisterOutput                          
        0 мс вызовов   1 ComputeCLCompileGeneratedXDCFiles       
        0 мс вызовов   1 AfterBuild                              
        0 мс вызовов   1 BuildLink                               
        0 мс вызовов   1 _BuildLinkAction                        
        0 мс вызовов   1 PostBuildEvent                          
        0 мс вызовов   1 PrepareForRun                           
        0 мс вызовов   1 CopyFilesToOutputDirectory              
        0 мс вызовов   1 _CheckForCompileOutputs                 
        0 мс вызовов   1 _CopySourceItemsToOutputDirectory       
        0 мс вызовов   1 _GetCopyToOutputDirectoryItemsFromThisProject
        0 мс вызовов   1 _GetCopyToOutputDirectoryItemsFromTransitiveProjectReferences
        0 мс вызовов   1 GetCopyToOutputDirectoryXamlAppDefs     
        0 мс вызовов   1 _PopulateCommonStateForGetCopyToOutputDirectoryItems
        0 мс вызовов   1 _Deploy                                 
        0 мс вызовов   1 _Appverifier                            
        0 мс вызовов   1 CreateSatelliteAssemblies               
        0 мс вызовов   1 ContentFilesProjectOutputGroup          
        0 мс вызовов   1 MakeDirsForFxc                          
        0 мс вызовов   1 SatelliteDllsProjectOutputGroup         
        0 мс вызовов   1 _BscMake                                
        0 мс вызовов   1 MakeDirsForBscMake                      
        0 мс вызовов   1 ComputeCLCompileGeneratedSbrFiles       
        0 мс вызовов   1 _XdcMake                                
        0 мс вызовов   1 MakeDirsForXdcMake                      
        0 мс вызовов   1 ResolvedXDCMake                         
        0 мс вызовов   1 AfterClCompile                          
        0 мс вызовов   1 Build                                   
        0 мс вызовов   1 BeforeBuildGenerateSources              
        0 мс вызовов   1 ComputeCustomBuildOutput                
        0 мс вызовов   1 SelectCustomBuild                       
        0 мс вызовов   1 _SelectedFiles                          
        0 мс вызовов   1 PreBuildEvent                           
        0 мс вызовов   1 SelectClCompile                         
        0 мс вызовов   1 BuildGenerateSourcesTraverse            
        0 мс вызовов   1 ResolveReferences                       
        0 мс вызовов   1 AfterResolveReferences                  
        0 мс вызовов   1 ResolveAssemblyReferences               
        0 мс вызовов   1 ExpandSDKReferences                     
        0 мс вызовов   1 CopyFileToFolders                       
        0 мс вызовов   1 ResolveSDKReferences                    
        0 мс вызовов   1 GetResolvedWinMD                        
        0 мс вызовов   1 _PrepareForReferenceResolution          
        0 мс вызовов   1 AddExternalIncludDirectoriesToPaths     
        0 мс вызовов   1 GetReferenceAssemblyPaths               
        0 мс вызовов   1 GetFrameworkPaths                       
        0 мс вызовов   1 ResolveProjectReferences                
        0 мс вызовов   1 PrepareProjectReferences                
        0 мс вызовов   1 BeforeResolveReferences                 
        0 мс вызовов   1 _AddOutputPathToGlobalPropertiesToRemove
        0 мс вызовов   1 _SplitProjectReferencesByFileExistence  
        0 мс вызовов   1 _CheckWindowsSDKInstalled               
        0 мс вызовов   1 _Xsd                                    
        0 мс вызовов   1 IgnoreJavaScriptOutputAssembly          
        0 мс вызовов   1 BuildGenerateSources                    
        0 мс вызовов   1 ComputeMIDLGeneratedCompileInputs       
        0 мс вызовов   1 GetReferencedVCProjectsInfo             
        0 мс вызовов   1 WarnCompileDuplicatedFilename           
        0 мс вызовов   1 AfterMidl                               
        0 мс вызовов   1 _Midl                                   
        0 мс вызовов   1 AfterBuildGenerateSources               
        0 мс вызовов   1 AfterBuildGenerateSourcesEvent          
        0 мс вызовов   1 ComputeCLInputPDBName                   
        0 мс вызовов   1 MakeDirsForMidl                         
        0 мс вызовов   1 _BuildGenerateSourcesAction             
        0 мс вызовов   1 BuildCompileTraverse                    
        0 мс вызовов   1 ComputeStdModulesCompileInputs          
        0 мс вызовов   1 BeforeClCompile                         
        1 мс вызовов   1 SelectResourceCompile                   
        1 мс вызовов   1 GetCopyToOutputDirectoryItems           
        1 мс вызовов   1 BuiltProjectOutputGroup                 
        1 мс вызовов   1 AssignProjectConfiguration              
        1 мс вызовов   1 FixupCLCompileOptions                   
        1 мс вызовов   1 SetBuildDefaultEnvironmentVariables     
        1 мс вызовов   1 ComputeManifestGeneratedLinkerInputs    
        1 мс вызовов   1 _CleanGetCurrentAndPriorFileWrites      
        1 мс вызовов   1 SetCABuildNativeEnvironmentVariables    
        1 мс вызовов   1 AssignTargetPaths                       
        1 мс вызовов   1 MakeDirsForCl                           
        1 мс вызовов   1 IncrementalClean                        
        1 мс вызовов   1 MakeDirsForLink                         
        1 мс вызовов   1 ComputeLegacyManifestEmbedding          
        1 мс вызовов   1 ComputeReferenceCLInput                 
        1 мс вызовов   1 _PrepareForBuild                        
        1 мс вызовов   1 _GenerateSatelliteAssemblyInputs        
        2 мс вызовов   1 FinalizeBuildStatus                     
        3 мс вызовов   1 InitializeBuildStatus                   
        4 мс вызовов   1 SetTelemetryEnvironmentVariables        
        6 мс вызовов   1 FindReferenceAssembliesForReferences    
        6 мс вызовов   1 _CheckForInvalidConfigurationAndPlatform
        6 мс вызовов   1 CustomBuild                             
        8 мс вызовов   1 PrepareForBuild                         
       14 мс вызовов   1 CreateRecipeFile                        
       28 мс вызовов   1 _GetProjectReferenceTargetFrameworkProperties
       69 мс вызовов   1 TlogCleanup                             
       85 мс вызовов   1 ResourceCompile                         
      280 мс вызовов   1 Link                                    
      904 мс вызовов   1 ClCompile                               

Итоги по задачам:
        0 мс вызовов   3 Message                                 
        0 мс вызовов   1 AssignCulture                           
        0 мс вызовов   5 FindUnderPath                           
        0 мс вызовов   2 RemoveDuplicates                        
        0 мс вызовов   1 WriteLinesToFile                        
        0 мс вызовов   2 ReadLinesFromFile                       
        0 мс вызовов   1 SetRidAgnosticValueForProjects          
        0 мс вызовов   1 MSBuild                                 
        0 мс вызовов   1 AssignProjectConfiguration              
        1 мс вызовов   2 Delete                                  
        1 мс вызовов   2 CallTarget                              
        1 мс вызовов   1 CheckVCToolsetVersion                   
        1 мс вызовов   1 ConvertToAbsolutePath                   
        1 мс вызовов   7 AssignTargetPath                        
        1 мс вызовов  10 MakeDir                                 
        2 мс вызовов   2 Touch                                   
        3 мс вызовов  11 SetEnv                                  
        3 мс вызовов   2 VCMessage                               
        6 мс вызовов   3 GetOutOfDateItems                       
       13 мс вызовов   1 GenerateDesktopDeployRecipe             
       69 мс вызовов   1 CleanupStaleTlogItems                   
       85 мс вызовов   1 RC                                      
      277 мс вызовов   1 Link                                    
      903 мс вызовов   1 CL                                      
